<?xml version="1.0" encoding="UTF-8" ?>
<testsuites>
  <testsuite errors="1" failures="0" hostname="Andress-MacBook-Pro.local" id="0" name="Filter" package="org.junit.runner.manipulation" tests="1" time="0.05" timestamp="2015-03-16T22:04:08">
      <properties />

      <testcase classname="org.junit.runner.manipulation.Filter" name="initializationError" time="0.048">
          <error message="No tests found matching grails test target pattern filter from org.junit.runner.Request$1@739ca8fe" type="java.lang.Exception">java.lang.Exception: No tests found matching grails test target pattern filter from org.junit.runner.Request$1@739ca8fe
</error>

      </testcase>

      <system-out><![CDATA[--Output from initializationError--
]]></system-out>

      <system-err><![CDATA[--Output from initializationError--
]]></system-err>

  </testsuite>
</testsuites>
